<?xml version="1.0" encoding="UTF-8"?>
<testsuite xmlns:xsi="http://www.w3.org/2001/XMLSchema-instance" xsi:noNamespaceSchemaLocation="https://maven.apache.org/surefire/maven-surefire-plugin/xsd/surefire-test-report.xsd" name="com.zycus.assignment.service.AppTest" time="0.142" tests="1" errors="0" skipped="0" failures="0">
  <properties>
    <property name="sun.desktop" value="windows"/>
    <property name="awt.toolkit" value="sun.awt.windows.WToolkit"/>
    <property name="java.specification.version" value="10"/>
    <property name="file.encoding.pkg" value="sun.io"/>
    <property name="sun.cpu.isalist" value="amd64"/>
    <property name="sun.jnu.encoding" value="Cp1252"/>
    <property name="java.class.path" value="D:\workbench\zycus\url-shortner\url-shortner-service\target\test-classes;D:\workbench\zycus\url-shortner\url-shortner-service\target\classes;D:\workbench\zycus\url-shortner\url-shortner-core\target\url-shortner-core-1.0-SNAPSHOT.jar;G:\maven_repo\repository\junit\junit\4.11\junit-4.11.jar;G:\maven_repo\repository\org\hamcrest\hamcrest-core\1.3\hamcrest-core-1.3.jar;"/>
    <property name="java.vm.vendor" value="&quot;Oracle Corporation&quot;"/>
    <property name="sun.arch.data.model" value="64"/>
    <property name="user.variant" value=""/>
    <property name="java.vendor.url" value="http://java.oracle.com/"/>
    <property name="user.timezone" value="Asia/Calcutta"/>
    <property name="java.vm.specification.version" value="10"/>
    <property name="os.name" value="Windows 10"/>
    <property name="sun.java.launcher" value="SUN_STANDARD"/>
    <property name="user.country" value="US"/>
    <property name="sun.boot.library.path" value="C:\Program Files\Java\jdk-10.0.1\bin"/>
    <property name="sun.java.command" value="C:\Users\Saurabh\AppData\Local\Temp\surefire8825672774628647649\surefirebooter16712894243156804274.jar C:\Users\Saurabh\AppData\Local\Temp\surefire8825672774628647649 2018-07-20T12-20-29_974-jvmRun1 surefire9288833058794011939tmp surefire_1507977855977133283tmp"/>
    <property name="jdk.debug" value="release"/>
    <property name="surefire.test.class.path" value="D:\workbench\zycus\url-shortner\url-shortner-service\target\test-classes;D:\workbench\zycus\url-shortner\url-shortner-service\target\classes;D:\workbench\zycus\url-shortner\url-shortner-core\target\url-shortner-core-1.0-SNAPSHOT.jar;G:\maven_repo\repository\junit\junit\4.11\junit-4.11.jar;G:\maven_repo\repository\org\hamcrest\hamcrest-core\1.3\hamcrest-core-1.3.jar;"/>
    <property name="sun.cpu.endian" value="little"/>
    <property name="user.home" value="C:\Users\Saurabh"/>
    <property name="user.language" value="en"/>
    <property name="java.specification.vendor" value="Oracle Corporation"/>
    <property name="java.version.date" value="2018-04-17"/>
    <property name="java.home" value="C:\Program Files\Java\jdk-10.0.1"/>
    <property name="file.separator" value="\"/>
    <property name="basedir" value="D:\workbench\zycus\url-shortner\url-shortner-service"/>
    <property name="java.vm.compressedOopsMode" value="Zero based"/>
    <property name="line.separator" value="&#10;"/>
    <property name="java.specification.name" value="Java Platform API Specification"/>
    <property name="java.vm.specification.vendor" value="Oracle Corporation"/>
    <property name="java.awt.graphicsenv" value="sun.awt.Win32GraphicsEnvironment"/>
    <property name="surefire.real.class.path" value="C:\Users\Saurabh\AppData\Local\Temp\surefire8825672774628647649\surefirebooter16712894243156804274.jar"/>
    <property name="user.script" value=""/>
    <property name="sun.management.compiler" value="HotSpot 64-Bit Tiered Compilers"/>
    <property name="java.runtime.version" value="10.0.1+10"/>
    <property name="user.name" value="Saurabh"/>
    <property name="path.separator" value=";"/>
    <property name="os.version" value="10.0"/>
    <property name="java.runtime.name" value="Java(TM) SE Runtime Environment"/>
    <property name="file.encoding" value="Cp1252"/>
    <property name="java.vm.name" value="Java HotSpot(TM) 64-Bit Server VM"/>
    <property name="java.vendor.version" value="18.3"/>
    <property name="localRepository" value="G:\maven_repo\repository"/>
    <property name="java.vendor.url.bug" value="http://bugreport.java.com/bugreport/"/>
    <property name="java.io.tmpdir" value="C:\Users\Saurabh\AppData\Local\Temp\"/>
    <property name="java.version" value="10.0.1"/>
    <property name="user.dir" value="D:\workbench\zycus\url-shortner\url-shortner-service"/>
    <property name="os.arch" value="amd64"/>
    <property name="java.vm.specification.name" value="Java Virtual Machine Specification"/>
    <property name="java.awt.printerjob" value="sun.awt.windows.WPrinterJob"/>
    <property name="sun.os.patch.level" value=""/>
    <property name="java.library.path" value="C:\Program Files\Java\jdk-10.0.1\bin;C:\WINDOWS\Sun\Java\bin;C:\WINDOWS\system32;C:\WINDOWS;C:\Users\Saurabh\bin;C:\tools\cmder\bin;C:\Program Files\Git\bin;C:\tools\cmder\vendor\git-for-windows\mingw32\bin;C:\tools\cmder\vendor\git-for-windows\usr\local\bin;C:\tools\cmder\vendor\git-for-windows\usr\bin;C:\tools\cmder\vendor\git-for-windows\usr\bin;C:\tools\cmder\vendor\git-for-windows\mingw32\bin;C:\tools\cmder\vendor\git-for-windows\usr\bin;C:\Users\Saurabh\bin;C:\tools\cmder\vendor\conemu-maximus5\ConEmu\Scripts;C:\tools\cmder\vendor\conemu-maximus5;C:\tools\cmder\vendor\conemu-maximus5\ConEmu;C:\Program Files\Docker\Docker\Resources\bin;C:\Python27;C:\Python27\Scripts;C:\WINDOWS\system32;C:\WINDOWS;C:\WINDOWS\System32\Wbem;C:\WINDOWS\System32\WindowsPowerShell\v1.0;C:\WINDOWS\System32\OpenSSH;C:\ProgramData\chocolatey\bin;C:\Program Files\Git\cmd;C:\Program Files\nodejs;C:\Program Files\Java\jdk-10.0.1\bin;C:\Program Files\PuTTY;C:\Program Files\Microsoft VS Code\bin;C:\Users\Saurabh\AppData\Local\Microsoft\WindowsApps;C:\Users\Saurabh\AppData\Roaming\npm;C:\Python27;C:\Python27\Scripts;C:\Program Files\Microsoft VS Code\bin;C:\Shortcuts;I:\DeveloperTools\apache-maven-3.5.3\bin;C:\tools\cmder;C:\tools\cmder\vendor\git-for-windows\usr\bin\vendor_perl;C:\tools\cmder\vendor\git-for-windows\usr\bin\core_perl;."/>
    <property name="java.vendor" value="Oracle Corporation"/>
    <property name="java.vm.info" value="mixed mode"/>
    <property name="java.vm.version" value="10.0.1+10"/>
    <property name="sun.io.unicode.encoding" value="UnicodeLittle"/>
    <property name="java.class.version" value="54.0"/>
  </properties>
  <testcase name="shouldAnswerWithTrue" classname="com.zycus.assignment.service.AppTest" time="0"/>
</testsuite>